Assuming unrestricted shared filesystem usage.
host: MacBook-Air-309.local
Building DAG of jobs...
Using shell: /bin/bash
Provided cores: 1 (use --cores to define parallelism)
Rules claiming more threads will be scaled down.
Job stats:
job        count
-------  -------
acquire        1
clean          1
merge          1
analyze        1
all            1
total          5

Select jobs to execute...
Execute 1 jobs...
[Tue May  5 00:02:02 2026]
localrule acquire:
    output: data/raw/.acquire_done
    log: logs/acquire.log
    jobid: 4
    reason: Missing output files: data/raw/.acquire_done
    resources: tmpdir=/var/folders/ns/vgxjxrwx1j7cy6vnf4ktcmy40000gn/T
Touching output file data/raw/.acquire_done.
[Tue May  5 00:02:02 2026]
Finished jobid: 4 (Rule: acquire)
1 of 5 steps (20%) done
Select jobs to execute...
Execute 1 jobs...
[Tue May  5 00:02:02 2026]
localrule clean:
    input: data/raw/.acquire_done
    output: data/cleaned/scorecard_clean.csv, data/cleaned/ipeds_chars_clean.csv, data/cleaned/ipeds_aid_clean.csv
    log: logs/clean.log
    jobid: 3
    reason: Missing output files: data/cleaned/ipeds_chars_clean.csv, data/cleaned/ipeds_aid_clean.csv, data/cleaned/scorecard_clean.csv; Input files updated by another job: data/raw/.acquire_done
    resources: tmpdir=/var/folders/ns/vgxjxrwx1j7cy6vnf4ktcmy40000gn/T
[Tue May  5 00:02:06 2026]
Finished jobid: 3 (Rule: clean)
2 of 5 steps (40%) done
Select jobs to execute...
Execute 1 jobs...
[Tue May  5 00:02:06 2026]
localrule merge:
    input: data/cleaned/scorecard_clean.csv, data/cleaned/ipeds_chars_clean.csv, data/cleaned/ipeds_aid_clean.csv
    output: data/merged/merged_dataset.csv
    log: logs/merge.log
    jobid: 2
    reason: Missing output files: data/merged/merged_dataset.csv; Input files updated by another job: data/cleaned/ipeds_chars_clean.csv, data/cleaned/ipeds_aid_clean.csv, data/cleaned/scorecard_clean.csv
    resources: tmpdir=/var/folders/ns/vgxjxrwx1j7cy6vnf4ktcmy40000gn/T
[Tue May  5 00:02:06 2026]
Finished jobid: 2 (Rule: merge)
3 of 5 steps (60%) done
Select jobs to execute...
Execute 1 jobs...
[Tue May  5 00:02:06 2026]
localrule analyze:
    input: data/merged/merged_dataset.csv
    output: results/figures/earnings_by_control.png, results/figures/debt_vs_earnings.png, results/figures/tuition_distribution.png, results/figures/aid_vs_earnings.png, results/tables/summary_statistics.csv, results/tables/top10_earnings.csv, results/tables/bottom10_earnings.csv
    log: logs/analyze.log
    jobid: 1
    reason: Missing output files: results/figures/debt_vs_earnings.png, results/tables/bottom10_earnings.csv, results/figures/tuition_distribution.png, results/figures/earnings_by_control.png, results/figures/aid_vs_earnings.png, results/tables/top10_earnings.csv, results/tables/summary_statistics.csv; Input files updated by another job: data/merged/merged_dataset.csv
    resources: tmpdir=/var/folders/ns/vgxjxrwx1j7cy6vnf4ktcmy40000gn/T
Waiting at most 5 seconds for missing files:
results/figures/aid_vs_earnings.png (missing locally)
MissingOutputException in rule analyze in file "/Users/alishaagrawal/Desktop/is 477/Snakefile", line 57:
Job 1  completed successfully, but some output files are missing. Missing files after 5 seconds. This might be due to filesystem latency. If that is the case, consider to increase the wait time with --latency-wait:
results/figures/aid_vs_earnings.png (missing locally, parent dir contents: debt_vs_earnings.png, earnings_by_control.png, tuition_distribution.png)
Removing output files of failed job analyze since they might be corrupted:
results/figures/earnings_by_control.png, results/figures/debt_vs_earnings.png, results/figures/tuition_distribution.png, results/tables/summary_statistics.csv, results/tables/top10_earnings.csv, results/tables/bottom10_earnings.csv
Shutting down, this might take some time.
Exiting because a job execution failed. Look below for error messages
[Tue May  5 00:02:12 2026]
Error in rule analyze:
    message: None
    jobid: 1
    input: data/merged/merged_dataset.csv
    output: results/figures/earnings_by_control.png, results/figures/debt_vs_earnings.png, results/figures/tuition_distribution.png, results/figures/aid_vs_earnings.png, results/tables/summary_statistics.csv, results/tables/top10_earnings.csv, results/tables/bottom10_earnings.csv
    log: logs/analyze.log (check log file(s) for error details)
    shell:
        python analyze.py > logs/analyze.log 2>&1
        (command exited with non-zero exit code)
Complete log(s): /Users/alishaagrawal/Desktop/is 477/.snakemake/log/2026-05-05T000200.326269.snakemake.log
WorkflowError:
At least one job did not complete successfully.
