Assuming unrestricted shared filesystem usage.
host: MacBook-Air-309.local
Building DAG of jobs...
Using shell: /bin/bash
Provided cores: 1 (use --cores to define parallelism)
Rules claiming more threads will be scaled down.
Job stats:
job        count
-------  -------
acquire        1
clean          1
merge          1
analyze        1
all            1
total          5

Select jobs to execute...
Execute 1 jobs...
[Tue May  5 00:04:25 2026]
localrule acquire:
    output: data/raw/.acquire_done
    log: logs/acquire.log
    jobid: 4
    reason: Forced execution
    resources: tmpdir=/var/folders/ns/vgxjxrwx1j7cy6vnf4ktcmy40000gn/T
Touching output file data/raw/.acquire_done.
[Tue May  5 00:04:25 2026]
Finished jobid: 4 (Rule: acquire)
1 of 5 steps (20%) done
Select jobs to execute...
Execute 1 jobs...
[Tue May  5 00:04:25 2026]
localrule clean:
    input: data/raw/.acquire_done
    output: data/cleaned/scorecard_clean.csv, data/cleaned/ipeds_chars_clean.csv, data/cleaned/ipeds_aid_clean.csv
    log: logs/clean.log
    jobid: 3
    reason: Forced execution
    resources: tmpdir=/var/folders/ns/vgxjxrwx1j7cy6vnf4ktcmy40000gn/T
[Tue May  5 00:04:29 2026]
Finished jobid: 3 (Rule: clean)
2 of 5 steps (40%) done
Select jobs to execute...
Execute 1 jobs...
[Tue May  5 00:04:29 2026]
localrule merge:
    input: data/cleaned/scorecard_clean.csv, data/cleaned/ipeds_chars_clean.csv, data/cleaned/ipeds_aid_clean.csv
    output: data/merged/merged_dataset.csv
    log: logs/merge.log
    jobid: 2
    reason: Forced execution
    resources: tmpdir=/var/folders/ns/vgxjxrwx1j7cy6vnf4ktcmy40000gn/T
[Tue May  5 00:04:29 2026]
Finished jobid: 2 (Rule: merge)
3 of 5 steps (60%) done
Select jobs to execute...
Execute 1 jobs...
[Tue May  5 00:04:29 2026]
localrule analyze:
    input: data/merged/merged_dataset.csv
    output: results/figures/earnings_by_control.png, results/figures/debt_vs_earnings.png, results/figures/tuition_distribution.png, results/figures/aid_vs_earnings.png, results/tables/summary_statistics.csv, results/tables/top10_earnings.csv, results/tables/bottom10_earnings.csv
    log: logs/analyze.log
    jobid: 1
    reason: Forced execution
    resources: tmpdir=/var/folders/ns/vgxjxrwx1j7cy6vnf4ktcmy40000gn/T
[Tue May  5 00:04:30 2026]
Finished jobid: 1 (Rule: analyze)
4 of 5 steps (80%) done
Select jobs to execute...
Execute 1 jobs...
[Tue May  5 00:04:30 2026]
localrule all:
    input: results/figures/earnings_by_control.png, results/figures/debt_vs_earnings.png, results/figures/tuition_distribution.png, results/figures/aid_vs_earnings.png, results/tables/summary_statistics.csv, results/tables/top10_earnings.csv, results/tables/bottom10_earnings.csv
    jobid: 0
    reason: Forced execution
    resources: tmpdir=/var/folders/ns/vgxjxrwx1j7cy6vnf4ktcmy40000gn/T
[Tue May  5 00:04:30 2026]
Finished jobid: 0 (Rule: all)
5 of 5 steps (100%) done
Complete log(s): /Users/alishaagrawal/Desktop/is 477/.snakemake/log/2026-05-05T000424.892713.snakemake.log
