=== analyze.py: generating results ===

  Loaded merged dataset: 3,207 rows × 12 columns

-- Summary statistics --
  Table saved → results/tables/summary_statistics.csv
                  count          mean           std      min      25%      50%      75%       max
TUITIONFEE_IN    3207.0  18779.437792  16921.519749      0.0   6020.0  13009.0  26066.0   72097.0
TUITIONFEE_OUT   3207.0  22574.795136  15670.505828    895.0  10663.0  17470.0  31184.0   72097.0
DEBT_MDN         3207.0  12702.944185   5451.406357   2334.0   8237.5  12500.0  16724.5   38980.0
MD_EARN_WNE_P10  3207.0  49117.623324  15593.042394  19474.0  38712.5  45454.0  56837.0  143372.0

-- Earnings by institution control type --
  Figure saved → results/figures/earnings_by_control.png

-- Debt vs. earnings scatter --
  Figure saved → results/figures/debt_vs_earnings.png

-- Tuition distribution by institution level --
  Figure saved → results/figures/tuition_distribution.png

-- Aid availability vs. earnings --
  ANYAIDP not found, using FLOAN_A instead.
  Figure saved → results/figures/aid_vs_earnings.png

-- Top/bottom earnings tables --
  Tables saved → results/tables/top10_earnings.csv, bottom10_earnings.csv

=== analyze.py complete ===
